
================================================================
======== txAdmin v6.0.2 atop fxserver 7290 Starting - 9/30/2024, 12:26:13 AM
================================================================
[00:26:42][NAUGHTYDEVIL] created admins file
[00:27:02][NAUGHTYDEVIL] Changing global settings via setup stepper and started Deployer.
[00:27:04][NAUGHTYDEVIL] Setting recipe.
[00:27:19][NAUGHTYDEVIL] Running recipe.
[00:27:39][NAUGHTYDEVIL] Completed and committed server deploy.

================================================================
======== txAdmin v6.0.2 atop fxserver 7290 Starting - 9/30/2024, 12:48:40 AM
================================================================
[00:49:54][NAUGHTYDEVIL] logged in via in-game ui
[00:51:27][NAUGHTYDEVIL] logged in via in-game ui

================================================================
======== txAdmin v6.0.2 atop fxserver 7290 Starting - 9/30/2024, 1:04:40 AM
================================================================

================================================================
======== txAdmin v6.0.2 atop fxserver 7290 Starting - 9/30/2024, 1:05:38 AM
================================================================

================================================================
======== txAdmin v6.0.2 atop fxserver 7290 Starting - 9/30/2024, 1:07:35 AM
================================================================

================================================================
======== txAdmin v6.0.2 atop fxserver 7290 Starting - 9/30/2024, 1:09:53 AM
================================================================

================================================================
======== txAdmin v6.0.2 atop fxserver 7290 Starting - 9/30/2024, 1:14:42 AM
================================================================

================================================================
======== txAdmin v6.0.2 atop fxserver 7290 Starting - 9/30/2024, 1:17:13 AM
================================================================

================================================================
======== txAdmin v6.0.2 atop fxserver 7290 Starting - 9/30/2024, 1:18:57 AM
================================================================
[01:20:01][NAUGHTYDEVIL] logged in via in-game ui

================================================================
======== txAdmin v6.0.2 atop fxserver 7290 Starting - 9/30/2024, 1:24:16 AM
================================================================
[01:24:48][NAUGHTYDEVIL] logged in from 127.0.0.1 via citizenfx

================================================================
======== txAdmin v6.0.2 atop fxserver 7290 Starting - 9/30/2024, 1:25:37 AM
================================================================
[01:25:54][NAUGHTYDEVIL] logged in from 127.0.0.1 via citizenfx
[01:26:52][NAUGHTYDEVIL] logged in via in-game ui

================================================================
======== txAdmin v6.0.2 atop fxserver 7290 Starting - 9/30/2024, 1:53:35 AM
================================================================

================================================================
======== txAdmin v6.0.2 atop fxserver 7290 Starting - 9/30/2024, 1:53:57 AM
================================================================
[01:54:14][NAUGHTYDEVIL] logged in from 127.0.0.1 via citizenfx
[01:55:11][NAUGHTYDEVIL] Changing fxRunner settings.
[01:55:17][NAUGHTYDEVIL] executed "RESTART SERVER"

================================================================
======== txAdmin v6.0.2 atop fxserver 7290 Starting - 9/30/2024, 2:01:36 AM
================================================================
[02:01:55][NAUGHTYDEVIL] logged in from 127.0.0.1 via citizenfx
[02:02:13][NAUGHTYDEVIL] Changing fxRunner settings.

================================================================
======== txAdmin v6.0.2 atop fxserver 7290 Starting - 9/30/2024, 2:02:22 AM
================================================================
[02:12:41][NAUGHTYDEVIL] logged in from 127.0.0.1 via citizenfx
[02:12:46][NAUGHTYDEVIL] executed "ensure "mythic-characters""
[02:13:29][NAUGHTYDEVIL] logged in via in-game ui

================================================================
======== txAdmin v6.0.2 atop fxserver 7290 Starting - 9/30/2024, 2:17:19 AM
================================================================
[02:18:25][NAUGHTYDEVIL] logged in via in-game ui
[02:19:38][NAUGHTYDEVIL] logged in from 127.0.0.1 via citizenfx
[02:19:43][NAUGHTYDEVIL] executed "ensure "mythic-characters""
[02:20:24][NAUGHTYDEVIL] logged in via in-game ui

================================================================
======== txAdmin v6.0.2 atop fxserver 7290 Starting - 9/30/2024, 2:28:18 AM
================================================================
[02:29:05][NAUGHTYDEVIL] logged in via in-game ui
