
================================================================
======== Log Rotated - 10/1/2024, 12:00:00 AM                   
================================================================
[  script:mythic-base] [TRACE]	[MDT] Metrics Stored
[  script:mythic-base] [TRACE]	[[35mWeed] Ticking Down Fertilizer
[  script:mythic-base] [[36mINFO] 	[Robbery Queue] No Eligible Player Found For Green Laptop
[  script:mythic-base] [TRACE]	[Weed] Ticking Down Fertilizer
[  script:mythic-base] [TRACE]	[Weed] Ticking Down Fertilizer
[  script:mythic-base] [TRACE]	[[35mWeed] Ticking Down Fertilizer
[  script:mythic-base] [TRACE]	[Characters] BEFORE SAVE, _prevSaved: 0, v ~= nil: false
[  script:mythic-base] [TRACE]	[Characters] AFTER SAVE, _prevSaved: 0, c: 0
[  script:mythic-base] [TRACE]	[Weed] Growing Plants
[  script:mythic-base] [TRACE]	[Weed] Degrading Water
[  script:mythic-base] [INFO] 	[Inventory] Cleaned Up 0 Degraded Items
[  script:mythic-base] [TRACE]	[Weed] Ticking Down Fertilizer
[  script:mythic-base] [TRACE]	[MDT] Metrics Stored
[  script:mythic-base] [TRACE]	[Weed] Ticking Down Fertilizer
[  script:mythic-base] [TRACE]	[Weed] Ticking Down Fertilizer
[  script:mythic-base] [TRACE]	[Weed] Ticking Down Fertilizer
[  script:mythic-base] [TRACE]	[[35mWeed] Ticking Down Fertilizer
[  script:mythic-base] [TRACE]	[Weed] Ticking Down Fertilizer
[  script:mythic-base] [TRACE]	[MDT] Metrics Stored
[  script:mythic-base] [TRACE]	[Weed] Ticking Down Fertilizer
[  script:mythic-base] [TRACE]	[Weed] Ticking Down Fertilizer
[  script:mythic-base] [TRACE]	[Weed] Ticking Down Fertilizer
[  script:mythic-base] [TRACE]	[Weed] Ticking Down Fertilizer
[  script:mythic-base] [TRACE]	[Weed] Increasing Plant Outputs
[  script:mythic-base] [TRACE]	[Characters] BEFORE SAVE, _prevSaved: 0, v ~= nil: false
[  script:mythic-base] [TRACE]	[Characters] AFTER SAVE, _prevSaved: 0, c: 0
[  script:mythic-base] [TRACE]	[Weed] Growing Plants
[  script:mythic-base] [TRACE]	[Weed] Degrading Water
[  script:mythic-base] [TRACE]	[Weed] Ticking Down Fertilizer
[  script:mythic-base] [TRACE]	[MDT] Metrics Stored
[  script:mythic-base] [TRACE]	[MDT] Expiring Warrants
[  script:mythic-base] [TRACE]	[MDT] Validating Metric Key
[  script:mythic-base] [TRACE]	[MDT] New Day, Resetting Metrics
[  script:mythic-base] [TRACE]	[Weed] Ticking Down Fertilizer
[  script:mythic-base] [TRACE]	[Weed] Ticking Down Fertilizer
[  script:mythic-base] [TRACE]	[Weed] Ticking Down Fertilizer
[  script:mythic-base] [TRACE]	[Weed] Ticking Down Fertilizer
[  script:mythic-base] [TRACE]	[Weed] Ticking Down Fertilizer
[  script:mythic-base] [TRACE]	[MDT] Metrics Stored
[  script:mythic-base] [TRACE]	[Weed] Ticking Down Fertilizer
[  script:mythic-base] [TRACE]	[Weed] Ticking Down Fertilizer
[  script:mythic-base] [TRACE]	[Weed] Ticking Down Fertilizer
[  script:mythic-base] [TRACE]	[Weed] Ticking Down Fertilizer
[  script:mythic-base] [TRACE]	[Characters] BEFORE SAVE, _prevSaved: 0, v ~= nil: false
[  script:mythic-base] [TRACE]	[Characters] AFTER SAVE, _prevSaved: 0, c: 0
[  script:mythic-base] [TRACE]	[Weed] Growing Plants
[  script:mythic-base] [TRACE]	[Weed] Degrading Water
[  script:mythic-base] [TRACE]	[Weed] Ticking Down Fertilizer
[  script:mythic-base] [0m[TRACE]	[MDT] Metrics Stored
[  script:mythic-base] [TRACE]	[Weed] Ticking Down Fertilizer
[  script:mythic-base] [TRACE]	[Weed] Ticking Down Fertilizer
[  script:mythic-base] [TRACE]	[Weed] Ticking Down Fertilizer
[  script:mythic-base] [TRACE]	[[35mWeed] Ticking Down Fertilizer
[  script:mythic-base] [TRACE]	[Weed] Ticking Down Fertilizer
[  script:mythic-base] [TRACE]	[[35mMDT] Metrics Stored
[  script:mythic-base] [TRACE]	[Weed] Ticking Down Fertilizer
[script:mythic-financ] this might hitch the server (loan_reminder task)
[  script:mythic-base] [INFO] 	[Robbery Queue] No Eligible Player Found For Yellow Laptop
[  script:mythic-base] [0m[TRACE]	[Weed] Ticking Down Fertilizer
[  script:mythic-base] [INFO] 	[Robbery Queue] No Eligible Player Found For Blue Laptop
[  script:mythic-base] [TRACE]	[Weed] Ticking Down Fertilizer
[  script:mythic-base] [TRACE]	[Weed] Ticking Down Fertilizer
[  script:mythic-base] [TRACE]	[Weed] Increasing Plant Outputs
[  script:mythic-base] [[36mINFO] 	[Inventory] Cleaned Up 0 Degraded Items
[  script:mythic-base] [TRACE]	[Characters] BEFORE SAVE, _prevSaved: 0, v ~= nil: false
[  script:mythic-base] [TRACE]	[Characters] AFTER SAVE, _prevSaved: 0, c: 0
[  script:mythic-base] [TRACE]	[Weed] Growing Plants
[  script:mythic-base] [TRACE]	[Weed] Degrading Water
[  script:mythic-base] [TRACE]	[Weed[0m] Ticking Down Fertilizer
[  script:mythic-base] [TRACE]	[MDT] Metrics Stored
[  script:mythic-base] [TRACE]	[Weed] Ticking Down Fertilizer
[  script:mythic-base] [TRACE]	[Weed] Ticking Down Fertilizer
[  script:mythic-base] [TRACE]	[Weed] Ticking Down Fertilizer
[  script:mythic-base] [0m[TRACE]	[Weed] Ticking Down Fertilizer
[  script:mythic-base] [TRACE]	[[35mWeed] Ticking Down Fertilizer
[  script:mythic-base] [TRACE]	[MDT] Metrics Stored
[  script:mythic-base] [TRACE]	[Weed] Ticking Down Fertilizer
[  script:mythic-base] [TRACE]	[Weed] Ticking Down Fertilizer
[  script:mythic-base] [TRACE]	[Weed] Ticking Down Fertilizer
[  script:mythic-base] [TRACE]	[Weed] Ticking Down Fertilizer
[  script:mythic-base] [TRACE]	[Characters] BEFORE SAVE, _prevSaved: 0, v ~= nil: false
[  script:mythic-base] [TRACE]	[Characters] AFTER SAVE, _prevSaved: 0, c: 0
[  script:mythic-base] [TRACE]	[Weed] Growing Plants
[  script:mythic-base] [TRACE]	[Weed] Degrading Water
[  script:mythic-base] [TRACE]	[Weed] Ticking Down Fertilizer
[  script:mythic-base] [TRACE]	[[35mMDT] Metrics Stored
[  script:mythic-base] [TRACE]	[MDT] Expiring Warrants
[  script:mythic-base] [TRACE]	[MDT] Validating Metric Key
[  script:mythic-base] [TRACE]	[Weed] Ticking Down Fertilizer
[  script:mythic-base] [INFO] 	[Robbery Queue] No Eligible Player Found For Purple Laptop
[  script:mythic-base] [INFO] 	[Robbery Queue] No Eligible Player Found For Red Laptop
[  script:mythic-base] [TRACE]	[Weed] Ticking Down Fertilizer
[  script:mythic-base] [TRACE]	[Weed] Ticking Down Fertilizer
[  script:mythic-base] [TRACE]	[Weed] Ticking Down Fertilizer
[  script:mythic-base] [TRACE]	[Weed] Ticking Down Fertilizer
[  script:mythic-base] [TRACE]	[MDT] Metrics Stored
[  script:mythic-base] [TRACE]	[Weed] Ticking Down Fertilizer
[  script:mythic-base] [TRACE]	[Weed] Ticking Down Fertilizer
[  script:mythic-base] [TRACE]	[Weed] Ticking Down Fertilizer
[  script:mythic-base] [TRACE]	[Weed] Ticking Down Fertilizer
[  script:mythic-base] [0m[TRACE]	[Weed] Increasing Plant Outputs
[  script:mythic-base] [TRACE]	[Characters] BEFORE SAVE, _prevSaved: 0, v ~= nil: false
[  script:mythic-base] [TRACE]	[Characters] AFTER SAVE, _prevSaved: 0, c: 0
[  script:mythic-base] [TRACE]	[Weed] Growing Plants
[  script:mythic-base] [TRACE]	[Weed] Degrading Water
[  script:mythic-base] [TRACE]	[[35mWeed] Ticking Down Fertilizer
[  script:mythic-base] [TRACE]	[MDT] Metrics Stored
[  script:mythic-base] [TRACE]	[Weed] Ticking Down Fertilizer
[  script:mythic-base] [TRACE]	[Weed] Ticking Down Fertilizer
[  script:mythic-base] [TRACE]	[Weed] Ticking Down Fertilizer
[  script:mythic-base] [TRACE]	[Weed] Ticking Down Fertilizer
[  script:mythic-base] [TRACE]	[Weed] Ticking Down Fertilizer
[  script:mythic-base] [TRACE]	[MDT] Metrics Stored
[  script:mythic-base] [TRACE]	[Weed] Ticking Down Fertilizer
[  script:mythic-base] [[36mINFO] 	[Robbery Queue] No Eligible Player Found For Green Laptop
[  script:mythic-base] [TRACE]	[Weed] Ticking Down Fertilizer
[  script:mythic-base] [TRACE]	[Weed] Ticking Down Fertilizer
[  script:mythic-base] [TRACE]	[Weed] Ticking Down Fertilizer
[  script:mythic-base] [INFO] 	[Inventory] Cleaned Up 0 Degraded Items
[  script:mythic-base] [0m[TRACE]	[Characters] BEFORE SAVE, _prevSaved: 0, v ~= nil: false
[  script:mythic-base] [TRACE]	[Characters] AFTER SAVE, _prevSaved: 0, c: 0
[  script:mythic-base] [TRACE]	[Weed] Growing Plants
[  script:mythic-base] [TRACE]	[Weed] Degrading Water
[  script:mythic-base] [0m[TRACE]	[Weed] Ticking Down Fertilizer
[  script:mythic-base] [TRACE]	[MDT] Metrics Stored
[  script:mythic-base] [0m[TRACE]	[Weed] Ticking Down Fertilizer
[  script:mythic-base] [TRACE]	[Weed] Ticking Down Fertilizer
[  script:mythic-base] [TRACE]	[Weed] Ticking Down Fertilizer
[  script:mythic-base] [TRACE]	[Weed] Ticking Down Fertilizer
[  script:mythic-base] [TRACE]	[Weed] Ticking Down Fertilizer
[  script:mythic-base] [TRACE]	[MDT] Metrics Stored
[  script:mythic-base] [TRACE]	[Weed] Ticking Down Fertilizer
[  script:mythic-base] [0m[TRACE]	[Weed] Ticking Down Fertilizer
[  script:mythic-base] [TRACE]	[Weed] Ticking Down Fertilizer
[  script:mythic-base] [TRACE]	[Weed] Ticking Down Fertilizer
[  script:mythic-base] [0m[TRACE]	[Weed] Increasing Plant Outputs
[  script:mythic-base] [TRACE]	[Characters] BEFORE SAVE, _prevSaved: 0, v ~= nil: false
[  script:mythic-base] [TRACE]	[Characters] AFTER SAVE, _prevSaved: 0, c: 0
[  script:mythic-base] [TRACE]	[Weed] Growing Plants
[  script:mythic-base] [TRACE]	[Weed] Degrading Water
[  script:mythic-base] [0m[TRACE]	[Weed] Ticking Down Fertilizer
[  script:mythic-base] [TRACE]	[MDT] Metrics Stored
[  script:mythic-base] [TRACE]	[MDT] Expiring Warrants
[  script:mythic-base] [TRACE]	[MDT] Validating Metric Key
[  script:mythic-base] [0m[TRACE]	[Weed] Ticking Down Fertilizer
[  script:mythic-base] [TRACE]	[Weed] Ticking Down Fertilizer
[  script:mythic-base] [TRACE]	[Weed] Ticking Down Fertilizer
[  script:mythic-base] [TRACE]	[Weed] Ticking Down Fertilizer
[  script:mythic-base] [0m[TRACE]	[Weed] Ticking Down Fertilizer
[  script:mythic-base] [0m[TRACE]	[MDT] Metrics Stored
[  script:mythic-base] [TRACE]	[Weed] Ticking Down Fertilizer
[  script:mythic-base] [TRACE]	[Weed] Ticking Down Fertilizer
[  script:mythic-base] [TRACE]	[Weed] Ticking Down Fertilizer
[  script:mythic-base] [TRACE]	[Weed] Ticking Down Fertilizer
[  script:mythic-base] [TRACE]	[Characters] BEFORE SAVE, _prevSaved: 0, v ~= nil: false
[  script:mythic-base] [TRACE]	[Characters] AFTER SAVE, _prevSaved: 0, c: 0
[  script:mythic-base] [TRACE]	[Weed] Growing Plants
[  script:mythic-base] [TRACE]	[Weed] Degrading Water
[  script:mythic-base] [TRACE]	[Weed] Ticking Down Fertilizer
[  script:mythic-base] [TRACE]	[MDT] Metrics Stored
[  script:mythic-base] [TRACE]	[[35mWeed] Ticking Down Fertilizer
[  script:mythic-base] [TRACE]	[Weed] Ticking Down Fertilizer
[  script:mythic-base] [TRACE]	[Weed] Ticking Down Fertilizer
[  script:mythic-base] [TRACE]	[Weed] Ticking Down Fertilizer
[  script:mythic-base] [TRACE]	[Weed] Ticking Down Fertilizer
[  script:mythic-base] [TRACE]	[MDT] Metrics Stored
[  script:mythic-base] [TRACE]	[Weed] Ticking Down Fertilizer
[  script:mythic-base] [TRACE]	[Weed] Ticking Down Fertilizer
[  script:mythic-base] [[36mINFO] 	[Robbery Queue] No Eligible Player Found For Blue Laptop
[  script:mythic-base] [TRACE]	[Weed] Ticking Down Fertilizer
[  script:mythic-base] [TRACE]	[Weed] Ticking Down Fertilizer
[  script:mythic-base] [TRACE]	[Weed] Increasing Plant Outputs
[  script:mythic-base] [INFO] 	[Inventory] Cleaned Up 0 Degraded Items
[  script:mythic-base] [TRACE]	[Characters] BEFORE SAVE, _prevSaved: 0, v ~= nil: false
[  script:mythic-base] [TRACE]	[Characters] AFTER SAVE, _prevSaved: 0, c: 0
[  script:mythic-base] [TRACE]	[Weed] Growing Plants
[  script:mythic-base] [TRACE]	[Weed] Degrading Water
[  script:mythic-base] [0m[TRACE]	[Weed] Ticking Down Fertilizer
[  script:mythic-base] [TRACE]	[[35mMDT] Metrics Stored
[  script:mythic-base] [TRACE]	[Weed] Ticking Down Fertilizer
[  script:mythic-base] [TRACE]	[Weed] Ticking Down Fertilizer
[  script:mythic-base] [TRACE]	[Weed] Ticking Down Fertilizer
[  script:mythic-base] [TRACE]	[Weed] Ticking Down Fertilizer
[  script:mythic-base] [TRACE]	[Weed] Ticking Down Fertilizer
[  script:mythic-base] [TRACE]	[MDT] Metrics Stored
[  script:mythic-base] [TRACE]	[Weed] Ticking Down Fertilizer
[  script:mythic-base] [0m[TRACE]	[Weed] Ticking Down Fertilizer
[  script:mythic-base] [TRACE]	[Weed] Ticking Down Fertilizer
[  script:mythic-base] [0m[TRACE]	[Weed] Ticking Down Fertilizer
[  script:mythic-base] [TRACE]	[Characters] BEFORE SAVE, _prevSaved: 0, v ~= nil: false
[  script:mythic-base] [TRACE]	[Characters] AFTER SAVE, _prevSaved: 0, c: 0
[  script:mythic-base] [TRACE]	[Weed] Growing Plants
[  script:mythic-base] [TRACE]	[Weed] Degrading Water
[  script:mythic-base] [TRACE]	[Weed] Ticking Down Fertilizer
[  script:mythic-base] [0m[TRACE]	[MDT] Metrics Stored
[  script:mythic-base] [TRACE]	[MDT] Expiring Warrants
[  script:mythic-base] [TRACE]	[MDT] Validating Metric Key
[  script:mythic-base] [0m[TRACE]	[Weed] Ticking Down Fertilizer
[  script:mythic-base] [INFO] 	[Robbery Queue] No Eligible Player Found For Red Laptop
[  script:mythic-base] [TRACE]	[Weed] Ticking Down Fertilizer
[  script:mythic-base] [TRACE]	[Weed] Ticking Down Fertilizer
[  script:mythic-base] [TRACE]	[Weed] Ticking Down Fertilizer
[  script:mythic-base] [TRACE]	[[35mWeed] Ticking Down Fertilizer
[  script:mythic-base] [TRACE]	[MDT] Metrics Stored
[  script:mythic-base] [TRACE]	[Weed] Ticking Down Fertilizer
[  script:mythic-base] [TRACE]	[Weed] Ticking Down Fertilizer
[  script:mythic-base] [TRACE]	[Weed] Ticking Down Fertilizer
[  script:mythic-base] [TRACE]	[Weed] Ticking Down Fertilizer
[  script:mythic-base] [TRACE]	[Weed] Increasing Plant Outputs
[  script:mythic-base] [TRACE]	[Characters] BEFORE SAVE, _prevSaved: 0, v ~= nil: false
[  script:mythic-base] [TRACE]	[Characters] AFTER SAVE, _prevSaved: 0, c: 0
[  script:mythic-base] [TRACE]	[Weed] Growing Plants
[  script:mythic-base] [TRACE]	[Weed] Degrading Water
[  script:mythic-base] [TRACE]	[Weed] Ticking Down Fertilizer
[  script:mythic-base] [TRACE]	[MDT] Metrics Stored
[  script:mythic-base] [TRACE]	[Weed] Ticking Down Fertilizer
[  script:mythic-base] [TRACE]	[Weed] Ticking Down Fertilizer
[  script:mythic-base] [TRACE]	[Weed] Ticking Down Fertilizer
[  script:mythic-base] [TRACE]	[Weed] Ticking Down Fertilizer
[  script:mythic-base] [TRACE]	[Weed] Ticking Down Fertilizer
[  script:mythic-base] [0m[TRACE]	[MDT] Metrics Stored
[  script:mythic-base] [0m[TRACE]	[Weed] Ticking Down Fertilizer
[  script:mythic-base] [INFO] 	[Robbery Queue] No Eligible Player Found For Yellow Laptop
[  script:mythic-base] [INFO] 	[Robbery Queue] No Eligible Player Found For Green Laptop
[  script:mythic-base] [TRACE]	[Weed] Ticking Down Fertilizer
[  script:mythic-base] [TRACE]	[Weed] Ticking Down Fertilizer
[  script:mythic-base] [TRACE]	[Weed] Ticking Down Fertilizer
[  script:mythic-base] [INFO] 	[Laptop - LSU] Market Place Items Restocked
[  script:mythic-base] [INFO] 	[Inventory] Cleaned Up 0 Degraded Items
[  script:mythic-base] [TRACE]	[Characters] BEFORE SAVE, _prevSaved: 0, v ~= nil: false
[  script:mythic-base] [TRACE]	[Characters] AFTER SAVE, _prevSaved: 0, c: 0
[  script:mythic-base] [TRACE]	[Weed] Growing Plants
[  script:mythic-base] [TRACE]	[Weed] Degrading Water
[  script:mythic-base] [TRACE]	[Weed] Ticking Down Fertilizer
[  script:mythic-base] [TRACE]	[MDT] Metrics Stored
[  script:mythic-base] [TRACE]	[Weed] Ticking Down Fertilizer
[  script:mythic-base] [0m[TRACE]	[Weed] Ticking Down Fertilizer
[  script:mythic-base] [TRACE]	[Weed] Ticking Down Fertilizer
[  script:mythic-base] [TRACE]	[Weed] Ticking Down Fertilizer
[  script:mythic-base] [TRACE]	[Weed] Ticking Down Fertilizer
[  script:mythic-base] [TRACE]	[MDT] Metrics Stored
[  script:mythic-base] [TRACE]	[Weed] Ticking Down Fertilizer
[  script:mythic-base] [TRACE]	[Weed] Ticking Down Fertilizer
[  script:mythic-base] [0m[TRACE]	[Weed] Ticking Down Fertilizer
[  script:mythic-base] [TRACE]	[[35mWeed] Ticking Down Fertilizer
[  script:mythic-base] [TRACE]	[Weed] Increasing Plant Outputs
[  script:mythic-base] [TRACE]	[Characters] BEFORE SAVE, _prevSaved: 0, v ~= nil: false
[  script:mythic-base] [TRACE]	[Characters] AFTER SAVE, _prevSaved: 0, c: 0
[  script:mythic-base] [TRACE]	[Weed] Growing Plants
[  script:mythic-base] [TRACE]	[Weed] Degrading Water
[  script:mythic-base] [TRACE]	[Weed] Ticking Down Fertilizer
[  script:mythic-base] [TRACE]	[MDT] Metrics Stored
[  script:mythic-base] [TRACE]	[MDT] Expiring Warrants
[  script:mythic-base] [TRACE]	[MDT] Validating Metric Key
[  script:mythic-base] [TRACE]	[Weed] Ticking Down Fertilizer
[  script:mythic-base] [INFO] 	[Robbery Queue] No Eligible Player Found For Purple Laptop
[  script:mythic-base] [TRACE]	[Weed] Ticking Down Fertilizer
[  script:mythic-base] [TRACE]	[Weed] Ticking Down Fertilizer
[  script:mythic-base] [TRACE]	[Weed] Ticking Down Fertilizer
[  script:mythic-base] [TRACE]	[Weed] Ticking Down Fertilizer
[  script:mythic-base] [TRACE]	[MDT] Metrics Stored
[  script:mythic-base] [TRACE]	[Weed] Ticking Down Fertilizer
[  script:mythic-base] [TRACE]	[Weed] Ticking Down Fertilizer
[  script:mythic-base] [TRACE]	[Weed] Ticking Down Fertilizer
[  script:mythic-base] [TRACE]	[Weed] Ticking Down Fertilizer
[  script:mythic-base] [TRACE]	[Characters] BEFORE SAVE, _prevSaved: 0, v ~= nil: false
[  script:mythic-base] [TRACE]	[Characters] AFTER SAVE, _prevSaved: 0, c: 0
[  script:mythic-base] [TRACE]	[Weed] Growing Plants
[  script:mythic-base] [TRACE]	[Weed] Degrading Water
[  script:mythic-base] [0m[TRACE]	[Weed] Ticking Down Fertilizer
[  script:mythic-base] [TRACE]	[MDT] Metrics Stored
[  script:mythic-base] [TRACE]	[Weed] Ticking Down Fertilizer
[  script:mythic-base] [TRACE]	[Weed] Ticking Down Fertilizer
[  script:mythic-base] [TRACE]	[Weed] Ticking Down Fertilizer
[  script:mythic-base] [0m[TRACE]	[Weed] Ticking Down Fertilizer
[  script:mythic-base] [TRACE]	[Weed] Ticking Down Fertilizer
[  script:mythic-base] [TRACE]	[MDT] Metrics Stored
[  script:mythic-base] [TRACE]	[Weed] Ticking Down Fertilizer
[script:mythic-financ] this might hitch the server (loan_reminder task)
[  script:mythic-base] [TRACE]	[Weed] Ticking Down Fertilizer
[  script:mythic-base] [[36mINFO] 	[Robbery Queue] No Eligible Player Found For Blue Laptop
[  script:mythic-base] [TRACE]	[Weed] Ticking Down Fertilizer
[  script:mythic-base] [TRACE]	[Weed] Ticking Down Fertilizer
[  script:mythic-base] [TRACE]	[Weed] Increasing Plant Outputs
[  script:mythic-base] [[36mINFO] 	[Inventory] Cleaned Up 0 Degraded Items
[  script:mythic-base] [TRACE]	[Characters] BEFORE SAVE, _prevSaved: 0, v ~= nil: false
[  script:mythic-base] [TRACE]	[Characters] AFTER SAVE, _prevSaved: 0, c: 0
[  script:mythic-base] [TRACE]	[Weed] Growing Plants
[  script:mythic-base] [TRACE]	[Weed] Degrading Water
[  script:mythic-base] [0m[TRACE]	[Weed] Ticking Down Fertilizer
[  script:mythic-base] [TRACE]	[MDT] Metrics Stored
[  script:mythic-base] [TRACE]	[Weed] Ticking Down Fertilizer
[  script:mythic-base] [INFO] 	[Laptop - LSU] Market Place Items Restocked
[  script:mythic-base] [TRACE]	[Weed] Ticking Down Fertilizer
[  script:mythic-base] [TRACE]	[Weed] Ticking Down Fertilizer
[  script:mythic-base] [0m[TRACE]	[Weed] Ticking Down Fertilizer
[  script:mythic-base] [TRACE]	[Weed] Ticking Down Fertilizer
[  script:mythic-base] [0m[TRACE]	[MDT] Metrics Stored
[  script:mythic-base] [TRACE]	[Weed] Ticking Down Fertilizer
[  script:mythic-base] [0m[TRACE]	[Weed] Ticking Down Fertilizer
[  script:mythic-base] [TRACE]	[Weed] Ticking Down Fertilizer
[  script:mythic-base] [TRACE]	[Weed] Ticking Down Fertilizer
[  script:mythic-base] [TRACE]	[Characters] BEFORE SAVE, _prevSaved: 0, v ~= nil: false
[  script:mythic-base] [TRACE]	[Characters] AFTER SAVE, _prevSaved: 0, c: 0
[  script:mythic-base] [TRACE]	[Weed] Growing Plants
[  script:mythic-base] [TRACE]	[Weed] Degrading Water
[  script:mythic-base] [TRACE]	[Weed] Ticking Down Fertilizer
[  script:mythic-base] [TRACE]	[MDT] Metrics Stored
[  script:mythic-base] [TRACE]	[MDT] Expiring Warrants
[  script:mythic-base] [TRACE]	[MDT] Validating Metric Key
[  script:mythic-base] [TRACE]	[Weed] Ticking Down Fertilizer
[  script:mythic-base] [INFO] 	[Robbery Queue] No Eligible Player Found For Red Laptop
[  script:mythic-base] [TRACE]	[Weed] Ticking Down Fertilizer
[  script:mythic-base] [TRACE]	[Weed] Ticking Down Fertilizer
[  script:mythic-base] [TRACE]	[[35mWeed] Ticking Down Fertilizer
[  script:mythic-base] [TRACE]	[Weed] Ticking Down Fertilizer
[  script:mythic-base] [0m[TRACE]	[MDT] Metrics Stored
[  script:mythic-base] [TRACE]	[[35mWeed] Ticking Down Fertilizer
[  script:mythic-base] [TRACE]	[Weed] Ticking Down Fertilizer
[  script:mythic-base] [TRACE]	[Weed] Ticking Down Fertilizer
[  script:mythic-base] [TRACE]	[Weed] Ticking Down Fertilizer
[  script:mythic-base] [TRACE]	[Weed] Increasing Plant Outputs
[  script:mythic-base] [TRACE]	[Characters] BEFORE SAVE, _prevSaved: 0, v ~= nil: false
[  script:mythic-base] [TRACE]	[Characters] AFTER SAVE, _prevSaved: 0, c: 0
[  script:mythic-base] [TRACE]	[Weed] Growing Plants
[  script:mythic-base] [TRACE]	[Weed] Degrading Water
[  script:mythic-base] [0m[TRACE]	[Weed] Ticking Down Fertilizer
[  script:mythic-base] [0m[TRACE]	[MDT] Metrics Stored
[  script:mythic-base] [TRACE]	[Weed] Ticking Down Fertilizer
[  script:mythic-base] [TRACE]	[Weed] Ticking Down Fertilizer
[  script:mythic-base] [TRACE]	[Weed] Ticking Down Fertilizer
[  script:mythic-base] [TRACE]	[Weed] Ticking Down Fertilizer
[  script:mythic-base] [TRACE]	[Weed] Ticking Down Fertilizer
[  script:mythic-base] [0m[TRACE]	[MDT] Metrics Stored
[  script:mythic-base] [0m[TRACE]	[Weed] Ticking Down Fertilizer
[  script:mythic-base] [0m[INFO] 	[Robbery Queue] No Eligible Player Found For Green Laptop
[  script:mythic-base] [TRACE]	[Weed] Ticking Down Fertilizer
[  script:mythic-base] [TRACE]	[Weed] Ticking Down Fertilizer
[  script:mythic-base] [TRACE]	[Weed] Ticking Down Fertilizer
[  script:mythic-base] [INFO] 	[Inventory] Cleaned Up 0 Degraded Items
[  script:mythic-base] [TRACE]	[Characters] BEFORE SAVE, _prevSaved: 0, v ~= nil: false
[  script:mythic-base] [TRACE]	[Characters] AFTER SAVE, _prevSaved: 0, c: 0
[  script:mythic-base] [TRACE]	[Weed] Growing Plants
[  script:mythic-base] [TRACE]	[Weed] Degrading Water
[  script:mythic-base] [TRACE]	[Weed] Ticking Down Fertilizer
[  script:mythic-base] [TRACE]	[MDT] Metrics Stored
[  script:mythic-base] [TRACE]	[Weed] Ticking Down Fertilizer
[  script:mythic-base] [TRACE]	[Weed] Ticking Down Fertilizer
[  script:mythic-base] [TRACE]	[Weed] Ticking Down Fertilizer
[  script:mythic-base] [0m[TRACE]	[Weed] Ticking Down Fertilizer
[  script:mythic-base] [TRACE]	[Weed] Ticking Down Fertilizer
[  script:mythic-base] [TRACE]	[MDT] Metrics Stored
[  script:mythic-base] [TRACE]	[Weed] Ticking Down Fertilizer
[  script:mythic-base] [TRACE]	[Weed] Ticking Down Fertilizer
[  script:mythic-base] [TRACE]	[Weed] Ticking Down Fertilizer
[  script:mythic-base] [TRACE]	[[35mWeed] Ticking Down Fertilizer
[  script:mythic-base] [TRACE]	[Weed] Increasing Plant Outputs
[  script:mythic-base] [TRACE]	[Characters] BEFORE SAVE, _prevSaved: 0, v ~= nil: false
[  script:mythic-base] [TRACE]	[Characters] AFTER SAVE, _prevSaved: 0, c: 0
[  script:mythic-base] [TRACE]	[Weed] Growing Plants
[  script:mythic-base] [TRACE]	[Weed] Degrading Water
[  script:mythic-base] [TRACE]	[Weed] Ticking Down Fertilizer
[  script:mythic-base] [TRACE]	[MDT] Metrics Stored
[  script:mythic-base] [TRACE]	[MDT] Expiring Warrants
[  script:mythic-base] [TRACE]	[MDT] Validating Metric Key
[  script:mythic-base] [TRACE]	[[35mWeed] Ticking Down Fertilizer
[  script:mythic-base] [TRACE]	[[35mWeed] Ticking Down Fertilizer
[  script:mythic-base] [TRACE]	[Weed] Ticking Down Fertilizer
[  script:mythic-base] [TRACE]	[Weed] Ticking Down Fertilizer
[  script:mythic-base] [TRACE]	[Weed] Ticking Down Fertilizer
[  script:mythic-base] [TRACE]	[[35mMDT] Metrics Stored
[  script:mythic-base] [TRACE]	[Weed] Ticking Down Fertilizer
[  script:mythic-base] [TRACE]	[Weed] Ticking Down Fertilizer
[  script:mythic-base] [TRACE]	[Weed] Ticking Down Fertilizer
[  script:mythic-base] [TRACE]	[Weed] Ticking Down Fertilizer
[  script:mythic-base] [0m[TRACE]	[Characters] BEFORE SAVE, _prevSaved: 0, v ~= nil: false
[  script:mythic-base] [TRACE]	[Characters] AFTER SAVE, _prevSaved: 0, c: 0
[  script:mythic-base] [TRACE]	[Weed] Growing Plants
[  script:mythic-base] [TRACE]	[Weed] Degrading Water
[  script:mythic-base] [TRACE]	[Weed] Ticking Down Fertilizer
[  script:mythic-base] [TRACE]	[MDT] Metrics Stored
[  script:mythic-base] [TRACE]	[Weed] Ticking Down Fertilizer
[  script:mythic-base] [TRACE]	[Weed] Ticking Down Fertilizer
[  script:mythic-base] [TRACE]	[Weed] Ticking Down Fertilizer
[  script:mythic-base] [TRACE]	[Weed] Ticking Down Fertilizer
[  script:mythic-base] [TRACE]	[Weed] Ticking Down Fertilizer
[  script:mythic-base] [TRACE]	[MDT] Metrics Stored
[  script:mythic-base] [TRACE]	[Weed] Ticking Down Fertilizer
[  script:mythic-base] [[36mINFO] 	[Robbery Queue] No Eligible Player Found For Yellow Laptop
[  script:mythic-base] [0m[TRACE]	[Weed] Ticking Down Fertilizer
[  script:mythic-base] [INFO] 	[Robbery Queue] No Eligible Player Found For Blue Laptop
[  script:mythic-base] [TRACE]	[Weed] Ticking Down Fertilizer
[  script:mythic-base] [TRACE]	[Weed] Ticking Down Fertilizer
[  script:mythic-base] [TRACE]	[Weed] Increasing Plant Outputs
[  script:mythic-base] [INFO] 	[Inventory] Cleaned Up 0 Degraded Items
[  script:mythic-base] [TRACE]	[[35mCharacters] BEFORE SAVE, _prevSaved: 0, v ~= nil: false
[  script:mythic-base] [TRACE]	[Characters] AFTER SAVE, _prevSaved: 0, c: 0
[  script:mythic-base] [TRACE]	[Weed] Growing Plants
[  script:mythic-base] [TRACE]	[Weed] Degrading Water
[  script:mythic-base] [TRACE]	[Weed] Ticking Down Fertilizer
[  script:mythic-base] [TRACE]	[MDT] Metrics Stored
[  script:mythic-base] [TRACE]	[[35mWeed] Ticking Down Fertilizer
[  script:mythic-base] [TRACE]	[[35mWeed] Ticking Down Fertilizer
[  script:mythic-base] [TRACE]	[Weed] Ticking Down Fertilizer
[  script:mythic-base] [TRACE]	[Weed] Ticking Down Fertilizer
[  script:mythic-base] [TRACE]	[Weed] Ticking Down Fertilizer
[  script:mythic-base] [TRACE]	[MDT] Metrics Stored
[  script:mythic-base] [TRACE]	[Weed] Ticking Down Fertilizer
[  script:mythic-base] [TRACE]	[Weed] Ticking Down Fertilizer
[  script:mythic-base] [0m[TRACE]	[Weed] Ticking Down Fertilizer
[  script:mythic-base] [TRACE]	[Weed] Ticking Down Fertilizer
[  script:mythic-base] [TRACE]	[Characters] BEFORE SAVE, _prevSaved: 0, v ~= nil: false
[  script:mythic-base] [TRACE]	[Characters] AFTER SAVE, _prevSaved: 0, c: 0
[  script:mythic-base] [TRACE]	[Weed] Growing Plants
[  script:mythic-base] [TRACE]	[Weed] Degrading Water
[  script:mythic-base] [TRACE]	[Weed] Ticking Down Fertilizer
[  script:mythic-base] [TRACE]	[MDT] Metrics Stored
[  script:mythic-base] [TRACE]	[MDT] Expiring Warrants
[  script:mythic-base] [TRACE]	[MDT] Validating Metric Key
[  script:mythic-base] [TRACE]	[Weed] Ticking Down Fertilizer
[  script:mythic-base] [[36mINFO] 	[Robbery Queue] No Eligible Player Found For Purple Laptop
[  script:mythic-base] [INFO] 	[Robbery Queue] No Eligible Player Found For Red Laptop
[  script:mythic-base] [TRACE]	[Weed] Ticking Down Fertilizer
[  script:mythic-base] [0m[TRACE]	[Weed] Ticking Down Fertilizer
[  script:mythic-base] [0m[TRACE]	[Weed] Ticking Down Fertilizer
[  script:mythic-base] [TRACE]	[Weed] Ticking Down Fertilizer
[  script:mythic-base] [TRACE]	[MDT] Metrics Stored
[  script:mythic-base] [TRACE]	[Weed] Ticking Down Fertilizer
[  script:mythic-base] [TRACE]	[Weed] Ticking Down Fertilizer
[  script:mythic-base] [TRACE]	[Weed] Ticking Down Fertilizer
[  script:mythic-base] [TRACE]	[[35mWeed] Ticking Down Fertilizer
[  script:mythic-base] [TRACE]	[Weed] Increasing Plant Outputs
[  script:mythic-base] [TRACE]	[Characters] BEFORE SAVE, _prevSaved: 0, v ~= nil: false
[  script:mythic-base] [TRACE]	[Characters] AFTER SAVE, _prevSaved: 0, c: 0
[  script:mythic-base] [TRACE]	[Weed] Growing Plants
[  script:mythic-base] [TRACE]	[Weed] Degrading Water
[  script:mythic-base] [TRACE]	[Weed] Ticking Down Fertilizer
[  script:mythic-base] [TRACE]	[MDT] Metrics Stored
[  script:mythic-base] [TRACE]	[Weed] Ticking Down Fertilizer
[  script:mythic-base] [TRACE]	[Weed] Ticking Down Fertilizer
[  script:mythic-base] [TRACE]	[Weed] Ticking Down Fertilizer
[  script:mythic-base] [TRACE]	[Weed] Ticking Down Fertilizer
[  script:mythic-base] [TRACE]	[Weed] Ticking Down Fertilizer
[ citizen-server-impl] server thread hitch warning: timer interval of 30031171 milliseconds
[ citizen-server-impl] network thread hitch warning: timer interval of 30031169 milliseconds
[ citizen-server-impl] sync thread hitch warning: timer interval of 30031169 milliseconds
[ citizen-server-impl] [0msync thread hitch warning: timer interval of 106 milliseconds
[              server] Error: Loop svMain seems hung! (last checkin 30033 seconds ago)
[              server] Warning: svMain watchdog stack: mythic-robbery: tick <- root
[ citizen-server-impl] server thread hitch warning: timer interval of 5677 milliseconds
[  script:mythic-base] [TRACE]	[MDT] Metrics Stored
[  script:mythic-base] [TRACE]	[Characters] BEFORE SAVE, _prevSaved: 0, v ~= nil: false
[  script:mythic-base] [TRACE]	[Characters] AFTER SAVE, _prevSaved: 0, c: 0
[  script:mythic-base] [INFO] 	[Laptop - LSU] Market Place Items Restocked
[  script:mythic-base] [INFO] 	[Laptop - LSU] Market Place Items Restocked
[  script:mythic-base] [TRACE]	[Weed] Increasing Plant Outputs
[  script:mythic-base] [TRACE]	[Weed] Growing Plants
[  script:mythic-base] [TRACE]	[Weed] Degrading Water
[  script:mythic-base] [TRACE]	[Weed] Ticking Down Fertilizer
[      script:oxmysql] Error: mythic-inventory was unable to execute a query!
[      script:oxmysql] Query: DELETE FROM inventory WHERE expiryDate < ? AND expiryDate != -1
[      script:oxmysql] [1727799651]
[      script:oxmysql] read ECONNRESET
[              server] Uploaded a live hang dump to the CitizenFX crash reporting service. The report ID is c8f62850-5618-4096-a87c-73f328e1b3a0.
[  script:mythic-base] [INFO] 	[Robbery Queue] No Eligible Player Found For Green Laptop
[  script:mythic-base] [TRACE]	[Weed] Ticking Down Fertilizer
[  script:mythic-base] [TRACE]	[Weed] Ticking Down Fertilizer
[  script:mythic-base] [TRACE]	[Weed] Ticking Down Fertilizer
[  script:mythic-base] [TRACE]	[Weed] Ticking Down Fertilizer
[  script:mythic-base] [TRACE]	[MDT] Metrics Stored
[  script:mythic-base] [TRACE]	[Weed] Ticking Down Fertilizer
[  script:mythic-base] [TRACE]	[Weed] Ticking Down Fertilizer
[  script:mythic-base] [TRACE]	[Weed] Ticking Down Fertilizer
[  script:mythic-base] [TRACE]	[Weed] Ticking Down Fertilizer
[  script:mythic-base] [TRACE]	[Weed] Ticking Down Fertilizer
[  script:mythic-base] [TRACE]	[Characters] BEFORE SAVE, _prevSaved: 0, v ~= nil: false
[  script:mythic-base] [TRACE]	[Characters] AFTER SAVE, _prevSaved: 0, c: 0
[  script:mythic-base] [TRACE]	[Weed] Growing Plants
[  script:mythic-base] [TRACE]	[Weed] Degrading Water
[  script:mythic-base] [TRACE]	[MDT] Metrics Stored
[  script:mythic-base] [TRACE]	[Weed] Ticking Down Fertilizer
[  script:mythic-base] [TRACE]	[Weed] Ticking Down Fertilizer
[  script:mythic-base] [TRACE]	[Weed] Ticking Down Fertilizer
[  script:mythic-base] [TRACE]	[Weed] Ticking Down Fertilizer
[  script:mythic-base] [TRACE]	[Weed] Ticking Down Fertilizer
[  script:mythic-base] [TRACE]	[MDT] Metrics Stored
[  script:mythic-base] [TRACE]	[MDT] Expiring Warrants
[  script:mythic-base] [TRACE]	[MDT] Validating Metric Key
[  script:mythic-base] [TRACE]	[Weed] Ticking Down Fertilizer
[  script:mythic-base] [TRACE]	[Weed] Ticking Down Fertilizer
[  script:mythic-base] [TRACE]	[Weed] Ticking Down Fertilizer
[  script:mythic-base] [TRACE]	[Weed] Ticking Down Fertilizer
[  script:mythic-base] [TRACE]	[Weed] Ticking Down Fertilizer
[  script:mythic-base] [TRACE]	[Characters] BEFORE SAVE, _prevSaved: 0, v ~= nil: false
[  script:mythic-base] [TRACE]	[Characters] AFTER SAVE, _prevSaved: 0, c: 0
[  script:mythic-base] [TRACE]	[Weed] Increasing Plant Outputs
[  script:mythic-base] [TRACE]	[Weed] Growing Plants
[  script:mythic-base] [TRACE]	[Weed] Degrading Water
[  script:mythic-base] [TRACE]	[MDT] Metrics Stored
[  script:mythic-base] [TRACE]	[Weed] Ticking Down Fertilizer
[  script:mythic-base] [TRACE]	[Weed] Ticking Down Fertilizer
[  script:mythic-base] [TRACE]	[Weed] Ticking Down Fertilizer
[  script:mythic-base] [TRACE]	[Weed] Ticking Down Fertilizer
[  script:mythic-base] [0m[TRACE]	[Weed] Ticking Down Fertilizer
[  script:mythic-base] [TRACE]	[[35mMDT] Metrics Stored
[  script:mythic-base] [TRACE]	[Weed] Ticking Down Fertilizer
[  script:mythic-base] [TRACE]	[Weed] Ticking Down Fertilizer
[  script:mythic-base] [TRACE]	[Weed] Ticking Down Fertilizer
[  script:mythic-base] [TRACE]	[Weed] Ticking Down Fertilizer
[  script:mythic-base] [TRACE]	[Weed] Ticking Down Fertilizer
[  script:mythic-base] [TRACE]	[Characters] BEFORE SAVE, _prevSaved: 0, v ~= nil: false
[  script:mythic-base] [TRACE]	[Characters] AFTER SAVE, _prevSaved: 0, c: 0
[  script:mythic-base] [TRACE]	[Weed] Growing Plants
[  script:mythic-base] [TRACE]	[Weed] Degrading Water
[  script:mythic-base] [INFO] 	[Inventory] Cleaned Up 0 Degraded Items
[  script:mythic-base] [TRACE]	[MDT] Metrics Stored
[  script:mythic-base] [TRACE]	[Weed] Ticking Down Fertilizer
[script:mythic-financ] this might hitch the server (loan_reminder task)
[  script:mythic-base] [TRACE]	[Weed] Ticking Down Fertilizer
[  script:mythic-base] [INFO] 	[Robbery Queue] No Eligible Player Found For Blue Laptop
[  script:mythic-base] [TRACE]	[Weed] Ticking Down Fertilizer
[  script:mythic-base] [TRACE]	[Weed] Ticking Down Fertilizer
[  script:mythic-base] [TRACE]	[Weed] Ticking Down Fertilizer
[  script:mythic-base] [TRACE]	[MDT] Metrics Stored
[  script:mythic-base] [TRACE]	[Weed] Ticking Down Fertilizer
[  script:mythic-base] [TRACE]	[Weed] Ticking Down Fertilizer
