
================================================================
======== txAdmin Starting - 9/30/2024, 12:26:13 AM              
================================================================
[12:27:41 AM] txAdmin: Logger started

================================================================
======== txAdmin Starting - 9/30/2024, 12:48:40 AM              
================================================================
[12:48:55 AM] txAdmin: Logger started
[12:49:36 AM] [6wkrF#1] NAUGHTYDEVIL: joined with identifiers [steam:110000106707137; license:cde9ddb4a1522a1e74ec2d2a7c476de997a21881; xbl:2535457609917124; live:1055521449935218; discord:347010106338312202; fivem:10638339; license2:e7325559d630572da7addce09ae519777a8878de]
[12:50:35 AM] [6wkrF#1] NAUGHTYDEVIL: enabled noclip
[12:50:39 AM] [6wkrF#1] NAUGHTYDEVIL: became mortal (standard mode)
[12:50:45 AM] [6wkrF#1] NAUGHTYDEVIL: disconnected (Exiting)
[12:51:09 AM] [6wkrF#2] NAUGHTYDEVIL: joined with identifiers [steam:110000106707137; license:cde9ddb4a1522a1e74ec2d2a7c476de997a21881; xbl:2535457609917124; live:1055521449935218; discord:347010106338312202; fivem:10638339; license2:e7325559d630572da7addce09ae519777a8878de]
[12:52:04 AM] [6wkrF#2] NAUGHTYDEVIL: disconnected (Exiting)

================================================================
======== txAdmin Starting - 9/30/2024, 1:04:40 AM               
================================================================
[1:04:52 AM] txAdmin: Logger started

================================================================
======== txAdmin Starting - 9/30/2024, 1:05:38 AM               
================================================================
[1:05:50 AM] txAdmin: Logger started

================================================================
======== txAdmin Starting - 9/30/2024, 1:07:35 AM               
================================================================
[1:07:48 AM] txAdmin: Logger started

================================================================
======== txAdmin Starting - 9/30/2024, 1:09:53 AM               
================================================================
[1:10:07 AM] txAdmin: Logger started

================================================================
======== txAdmin Starting - 9/30/2024, 1:14:42 AM               
================================================================
[1:14:55 AM] txAdmin: Logger started

================================================================
======== txAdmin Starting - 9/30/2024, 1:17:13 AM               
================================================================
[1:17:26 AM] txAdmin: Logger started

================================================================
======== txAdmin Starting - 9/30/2024, 1:18:57 AM               
================================================================
[1:19:11 AM] txAdmin: Logger started
[1:19:43 AM] [cNFMa#1] NAUGHTYDEVIL: joined with identifiers [steam:110000106707137; license:cde9ddb4a1522a1e74ec2d2a7c476de997a21881; xbl:2535457609917124; live:1055521449935218; discord:347010106338312202; fivem:10638339; license2:e7325559d630572da7addce09ae519777a8878de]
[1:20:34 AM] [cNFMa#1] NAUGHTYDEVIL: disconnected (Exiting)

================================================================
======== txAdmin Starting - 9/30/2024, 1:24:16 AM               
================================================================
[1:24:31 AM] txAdmin: Logger started

================================================================
======== txAdmin Starting - 9/30/2024, 1:25:37 AM               
================================================================
[1:25:52 AM] txAdmin: Logger started
[1:26:34 AM] [hwd8K#1] NAUGHTYDEVIL: joined with identifiers [steam:110000106707137; license:cde9ddb4a1522a1e74ec2d2a7c476de997a21881; xbl:2535457609917124; live:1055521449935218; discord:347010106338312202; fivem:10638339; license2:e7325559d630572da7addce09ae519777a8878de]
[1:27:26 AM] [hwd8K#1] NAUGHTYDEVIL: disconnected (Exiting)

================================================================
======== txAdmin Starting - 9/30/2024, 1:53:35 AM               
================================================================

================================================================
======== txAdmin Starting - 9/30/2024, 1:53:57 AM               
================================================================
[1:55:29 AM] txAdmin: Logger started

================================================================
======== txAdmin Starting - 9/30/2024, 2:01:36 AM               
================================================================

================================================================
======== txAdmin Starting - 9/30/2024, 2:02:22 AM               
================================================================
[2:02:37 AM] txAdmin: Logger started
[2:13:11 AM] [r4M9e#1] NAUGHTYDEVIL: joined with identifiers [steam:110000106707137; license:cde9ddb4a1522a1e74ec2d2a7c476de997a21881; xbl:2535457609917124; live:1055521449935218; discord:347010106338312202; fivem:10638339; license2:e7325559d630572da7addce09ae519777a8878de]
[2:14:41 AM] [r4M9e#1] NAUGHTYDEVIL: disconnected (Exiting)

================================================================
======== txAdmin Starting - 9/30/2024, 2:17:19 AM               
================================================================
[2:17:35 AM] txAdmin: Logger started
[2:18:08 AM] [bxHWc#1] NAUGHTYDEVIL: joined with identifiers [steam:110000106707137; license:cde9ddb4a1522a1e74ec2d2a7c476de997a21881; xbl:2535457609917124; live:1055521449935218; discord:347010106338312202; fivem:10638339; license2:e7325559d630572da7addce09ae519777a8878de]
[2:18:43 AM] [bxHWc#1] NAUGHTYDEVIL: disconnected (Exiting)
[2:20:06 AM] [bxHWc#2] NAUGHTYDEVIL: joined with identifiers [steam:110000106707137; license:cde9ddb4a1522a1e74ec2d2a7c476de997a21881; xbl:2535457609917124; live:1055521449935218; discord:347010106338312202; fivem:10638339; license2:e7325559d630572da7addce09ae519777a8878de]
[2:23:25 AM] [bxHWc#2] NAUGHTYDEVIL: disconnected (Exiting)

================================================================
======== txAdmin Starting - 9/30/2024, 2:28:18 AM               
================================================================
[2:28:34 AM] txAdmin: Logger started
[2:28:48 AM] [3hKKW#1] NAUGHTYDEVIL: joined with identifiers [steam:110000106707137; license:cde9ddb4a1522a1e74ec2d2a7c476de997a21881; xbl:2535457609917124; live:1055521449935218; discord:347010106338312202; fivem:10638339; license2:e7325559d630572da7addce09ae519777a8878de]
[2:33:14 AM] [3hKKW#1] NAUGHTYDEVIL: disconnected (Exiting)

================================================================
======== txAdmin Starting - 9/30/2024, 2:35:27 AM               
================================================================
[2:35:41 AM] txAdmin: Logger started
[2:37:39 AM] [Ugczz#1] NAUGHTYDEVIL: joined with identifiers [steam:110000106707137; license:cde9ddb4a1522a1e74ec2d2a7c476de997a21881; xbl:2535457609917124; live:1055521449935218; discord:347010106338312202; fivem:10638339; license2:e7325559d630572da7addce09ae519777a8878de]
[2:38:37 AM] [Ugczz#1] NAUGHTYDEVIL: said "/escort"
[2:38:40 AM] [Ugczz#1] NAUGHTYDEVIL: said "/carry"
[2:38:45 AM] [Ugczz#1] NAUGHTYDEVIL: enabled noclip
[2:38:46 AM] [Ugczz#1] NAUGHTYDEVIL: became mortal (standard mode)
[2:38:55 AM] [Ugczz#1] NAUGHTYDEVIL: said "/inventory"
[2:41:54 AM] [Ugczz#1] NAUGHTYDEVIL: enabled noclip
[2:41:56 AM] [Ugczz#1] NAUGHTYDEVIL: became mortal (standard mode)
[2:43:55 AM] [Ugczz#1] NAUGHTYDEVIL: disconnected (Exiting)

================================================================
======== txAdmin Starting - 9/30/2024, 2:46:43 AM               
================================================================
[2:46:58 AM] txAdmin: Logger started
[2:47:19 AM] [AbDX7#1] NAUGHTYDEVIL: joined with identifiers [steam:110000106707137; license:cde9ddb4a1522a1e74ec2d2a7c476de997a21881; xbl:2535457609917124; live:1055521449935218; discord:347010106338312202; fivem:10638339; license2:e7325559d630572da7addce09ae519777a8878de]
[2:52:55 AM] [AbDX7#1] NAUGHTYDEVIL: disconnected (Exiting)

================================================================
======== txAdmin Starting - 9/30/2024, 2:56:29 AM               
================================================================
[2:56:46 AM] txAdmin: Logger started
[2:57:11 AM] [RHVjz#1] NAUGHTYDEVIL: joined with identifiers [steam:110000106707137; license:cde9ddb4a1522a1e74ec2d2a7c476de997a21881; xbl:2535457609917124; live:1055521449935218; discord:347010106338312202; fivem:10638339; license2:e7325559d630572da7addce09ae519777a8878de]
[3:03:21 AM] [RHVjz#1] NAUGHTYDEVIL: disconnected (Exiting)

================================================================
======== txAdmin Starting - 9/30/2024, 3:44:13 AM               
================================================================
[3:44:48 AM] txAdmin: Logger started
[3:45:04 AM] [FJLLG#1] NAUGHTYDEVIL: joined with identifiers [steam:110000106707137; license:cde9ddb4a1522a1e74ec2d2a7c476de997a21881; xbl:2535457609917124; live:1055521449935218; discord:347010106338312202; fivem:10638339; license2:e7325559d630572da7addce09ae519777a8878de]

================================================================
======== txAdmin Starting - 9/30/2024, 3:46:49 AM               
================================================================
[3:47:04 AM] txAdmin: Logger started
[3:47:41 AM] [GwN9n#1] NAUGHTYDEVIL: joined with identifiers [steam:110000106707137; license:cde9ddb4a1522a1e74ec2d2a7c476de997a21881; xbl:2535457609917124; live:1055521449935218; discord:347010106338312202; fivem:10638339; license2:e7325559d630572da7addce09ae519777a8878de]
[3:48:22 AM] [GwN9n#1] NAUGHTYDEVIL: disconnected (Exiting)

================================================================
======== txAdmin Starting - 9/30/2024, 3:51:13 AM               
================================================================
[3:51:30 AM] txAdmin: Logger started
[3:51:43 AM] [8efPK#1] NAUGHTYDEVIL: joined with identifiers [steam:110000106707137; license:cde9ddb4a1522a1e74ec2d2a7c476de997a21881; xbl:2535457609917124; live:1055521449935218; discord:347010106338312202; fivem:10638339; license2:e7325559d630572da7addce09ae519777a8878de]
[3:52:27 AM] [8efPK#1] NAUGHTYDEVIL: enabled noclip
[3:52:29 AM] [8efPK#1] NAUGHTYDEVIL: became mortal (standard mode)
[3:53:28 AM] [8efPK#1] NAUGHTYDEVIL: enabled noclip
[3:53:34 AM] [8efPK#1] NAUGHTYDEVIL: became mortal (standard mode)
[3:53:46 AM] [8efPK#1] NAUGHTYDEVIL: enabled noclip
[3:53:48 AM] [8efPK#1] NAUGHTYDEVIL: became mortal (standard mode)
[3:55:08 AM] [8efPK#1] NAUGHTYDEVIL: said "/walk flee3"
[3:55:14 AM] [8efPK#1] NAUGHTYDEVIL: said "/walk flee3"
[3:55:45 AM] [8efPK#1] NAUGHTYDEVIL: enabled noclip
[3:56:12 AM] [8efPK#1] NAUGHTYDEVIL: became mortal (standard mode)
[3:57:05 AM] [8efPK#1] NAUGHTYDEVIL: disconnected (Game crashed: GTA5_b3095.exe!sub_14093079C (0x33))
